2024-05-26 15:13:35.749  INFO 20744 --- [restartedMain] mvc.moiso.MoisoApplication               : Starting MoisoApplication using Java 18.0.2.1 on Moiso with PID 20744 (C:\Users\moises dev\Documents\gestor\Andres-Carnes-release\moiso\target\classes started by moises dev in C:\Users\moises dev\Documents\gestor\Andres-Carnes-release\moiso)
2024-05-26 15:13:35.763  INFO 20744 --- [restartedMain] mvc.moiso.MoisoApplication               : No active profile set, falling back to 1 default profile: "default"
2024-05-26 15:13:35.865  INFO 20744 --- [restartedMain] .e.DevToolsPropertyDefaultsPostProcessor : Devtools property defaults active! Set 'spring.devtools.add-properties' to 'false' to disable
2024-05-26 15:13:35.866  INFO 20744 --- [restartedMain] .e.DevToolsPropertyDefaultsPostProcessor : For additional web related logging consider setting the 'logging.level.web' property to 'DEBUG'
2024-05-26 15:13:36.857  INFO 20744 --- [restartedMain] .s.d.r.c.RepositoryConfigurationDelegate : Multiple Spring Data modules found, entering strict repository configuration mode
2024-05-26 15:13:36.873  INFO 20744 --- [restartedMain] .s.d.r.c.RepositoryConfigurationDelegate : Bootstrapping Spring Data JDBC repositories in DEFAULT mode.
2024-05-26 15:13:36.889  INFO 20744 --- [restartedMain] .RepositoryConfigurationExtensionSupport : Spring Data JDBC - Could not safely identify store assignment for repository candidate interface mvc.moiso.repository.EmpleadoRepository; If you want this repository to be a JDBC repository, consider annotating your entities with one of these annotations: org.springframework.data.relational.core.mapping.Table.
2024-05-26 15:13:36.904  INFO 20744 --- [restartedMain] .RepositoryConfigurationExtensionSupport : Spring Data JDBC - Could not safely identify store assignment for repository candidate interface mvc.moiso.repository.EmpresaRepository; If you want this repository to be a JDBC repository, consider annotating your entities with one of these annotations: org.springframework.data.relational.core.mapping.Table.
2024-05-26 15:13:36.904  INFO 20744 --- [restartedMain] .RepositoryConfigurationExtensionSupport : Spring Data JDBC - Could not safely identify store assignment for repository candidate interface mvc.moiso.repository.MovimientosRepository; If you want this repository to be a JDBC repository, consider annotating your entities with one of these annotations: org.springframework.data.relational.core.mapping.Table.
2024-05-26 15:13:36.904  INFO 20744 --- [restartedMain] .s.d.r.c.RepositoryConfigurationDelegate : Finished Spring Data repository scanning in 27 ms. Found 0 JDBC repository interfaces.
2024-05-26 15:13:36.904  INFO 20744 --- [restartedMain] .s.d.r.c.RepositoryConfigurationDelegate : Multiple Spring Data modules found, entering strict repository configuration mode
2024-05-26 15:13:36.904  INFO 20744 --- [restartedMain] .s.d.r.c.RepositoryConfigurationDelegate : Bootstrapping Spring Data JPA repositories in DEFAULT mode.
2024-05-26 15:13:36.936  INFO 20744 --- [restartedMain] .s.d.r.c.RepositoryConfigurationDelegate : Finished Spring Data repository scanning in 27 ms. Found 3 JPA repository interfaces.
2024-05-26 15:13:37.266  INFO 20744 --- [restartedMain] trationDelegate$BeanPostProcessorChecker : Bean 'org.springframework.ws.config.annotation.DelegatingWsConfiguration' of type [org.springframework.ws.config.annotation.DelegatingWsConfiguration$$EnhancerBySpringCGLIB$$423f0da5] is not eligible for getting processed by all BeanPostProcessors (for example: not eligible for auto-proxying)
2024-05-26 15:13:37.344  INFO 20744 --- [restartedMain] .w.s.a.s.AnnotationActionEndpointMapping : Supporting [WS-Addressing August 2004, WS-Addressing 1.0]
2024-05-26 15:13:37.769  INFO 20744 --- [restartedMain] o.s.b.w.embedded.tomcat.TomcatWebServer  : Tomcat initialized with port(s): 8080 (http)
2024-05-26 15:13:37.781  INFO 20744 --- [restartedMain] o.apache.catalina.core.StandardService   : Starting service [Tomcat]
2024-05-26 15:13:37.781  INFO 20744 --- [restartedMain] org.apache.catalina.core.StandardEngine  : Starting Servlet engine: [Apache Tomcat/9.0.65]
2024-05-26 15:13:37.899  INFO 20744 --- [restartedMain] o.a.c.c.C.[Tomcat].[localhost].[/]       : Initializing Spring embedded WebApplicationContext
2024-05-26 15:13:37.899  INFO 20744 --- [restartedMain] w.s.c.ServletWebServerApplicationContext : Root WebApplicationContext: initialization completed in 2032 ms
2024-05-26 15:13:38.190  INFO 20744 --- [restartedMain] o.hibernate.jpa.internal.util.LogHelper  : HHH000204: Processing PersistenceUnitInfo [name: default]
2024-05-26 15:13:38.232  INFO 20744 --- [restartedMain] org.hibernate.Version                    : HHH000412: Hibernate ORM core version 5.6.10.Final
2024-05-26 15:13:38.387  INFO 20744 --- [restartedMain] o.hibernate.annotations.common.Version   : HCANN000001: Hibernate Commons Annotations {5.1.2.Final}
2024-05-26 15:13:38.499  INFO 20744 --- [restartedMain] com.zaxxer.hikari.HikariDataSource       : HikariPool-1 - Starting...
2024-05-26 15:13:40.633  INFO 20744 --- [restartedMain] com.zaxxer.hikari.HikariDataSource       : HikariPool-1 - Start completed.
2024-05-26 15:13:40.666  INFO 20744 --- [restartedMain] org.hibernate.dialect.Dialect            : HHH000400: Using dialect: org.hibernate.dialect.PostgreSQLDialect
2024-05-26 15:13:42.919  INFO 20744 --- [restartedMain] o.h.e.t.j.p.i.JtaPlatformInitiator       : HHH000490: Using JtaPlatform implementation: [org.hibernate.engine.transaction.jta.platform.internal.NoJtaPlatform]
2024-05-26 15:13:42.935  INFO 20744 --- [restartedMain] j.LocalContainerEntityManagerFactoryBean : Initialized JPA EntityManagerFactory for persistence unit 'default'
2024-05-26 15:13:43.661  WARN 20744 --- [restartedMain] JpaBaseConfiguration$JpaWebConfiguration : spring.jpa.open-in-view is enabled by default. Therefore, database queries may be performed during view rendering. Explicitly configure spring.jpa.open-in-view to disable this warning
2024-05-26 15:13:43.949  INFO 20744 --- [restartedMain] o.s.s.web.DefaultSecurityFilterChain     : Will secure any request with [org.springframework.security.web.session.DisableEncodeUrlFilter@40a58cd6, org.springframework.security.web.context.request.async.WebAsyncManagerIntegrationFilter@41a5cab1, org.springframework.security.web.context.SecurityContextPersistenceFilter@3a54e6bc, org.springframework.security.web.header.HeaderWriterFilter@6cb8c2a3, org.springframework.security.web.csrf.CsrfFilter@1215f9f4, org.springframework.security.web.authentication.logout.LogoutFilter@8855af2, org.springframework.security.web.authentication.UsernamePasswordAuthenticationFilter@946c4f2, org.springframework.security.web.authentication.ui.DefaultLoginPageGeneratingFilter@5917e2b2, org.springframework.security.web.authentication.ui.DefaultLogoutPageGeneratingFilter@4cbceb91, org.springframework.security.web.savedrequest.RequestCacheAwareFilter@2dd32fcb, org.springframework.security.web.servletapi.SecurityContextHolderAwareRequestFilter@11859583, org.springframework.security.web.authentication.AnonymousAuthenticationFilter@6ed173d7, org.springframework.security.web.session.SessionManagementFilter@3fbb770c, org.springframework.security.web.access.ExceptionTranslationFilter@7b554d1e, org.springframework.security.web.access.intercept.FilterSecurityInterceptor@7fdfc9a2]
2024-05-26 15:13:44.242  INFO 20744 --- [restartedMain] o.s.b.a.w.s.WelcomePageHandlerMapping    : Adding welcome page template: index
2024-05-26 15:13:44.883  INFO 20744 --- [restartedMain] o.s.b.d.a.OptionalLiveReloadServer       : LiveReload server is running on port 35729
2024-05-26 15:13:44.965  INFO 20744 --- [restartedMain] o.s.b.w.embedded.tomcat.TomcatWebServer  : Tomcat started on port(s): 8080 (http) with context path ''
2024-05-26 15:13:44.981  INFO 20744 --- [restartedMain] mvc.moiso.MoisoApplication               : Started MoisoApplication in 9.707 seconds (JVM running for 10.441)
2024-05-26 15:13:45.076  INFO 20744 --- [http-nio-8080-exec-1] o.a.c.c.C.[Tomcat].[localhost].[/]       : Initializing Spring DispatcherServlet 'dispatcherServlet'
2024-05-26 15:13:45.077  INFO 20744 --- [http-nio-8080-exec-1] o.s.web.servlet.DispatcherServlet        : Initializing Servlet 'dispatcherServlet'
2024-05-26 15:13:45.078  INFO 20744 --- [http-nio-8080-exec-1] o.s.web.servlet.DispatcherServlet        : Completed initialization in 1 ms
2024-05-26 15:18:54.273  INFO 20744 --- [SpringApplicationShutdownHook] j.LocalContainerEntityManagerFactoryBean : Closing JPA EntityManagerFactory for persistence unit 'default'
2024-05-26 15:18:54.278  INFO 20744 --- [SpringApplicationShutdownHook] com.zaxxer.hikari.HikariDataSource       : HikariPool-1 - Shutdown initiated...
2024-05-26 15:18:54.288  INFO 20744 --- [SpringApplicationShutdownHook] com.zaxxer.hikari.HikariDataSource       : HikariPool-1 - Shutdown completed.
2024-05-26 15:18:57.218  INFO 16268 --- [restartedMain] mvc.moiso.MoisoApplication               : Starting MoisoApplication using Java 18.0.2.1 on Moiso with PID 16268 (C:\Users\moises dev\Documents\gestor\Andres-Carnes-release\moiso\target\classes started by moises dev in C:\Users\moises dev\Documents\gestor\Andres-Carnes-release\moiso)
2024-05-26 15:18:57.219  INFO 16268 --- [restartedMain] mvc.moiso.MoisoApplication               : No active profile set, falling back to 1 default profile: "default"
2024-05-26 15:18:57.282  INFO 16268 --- [restartedMain] .e.DevToolsPropertyDefaultsPostProcessor : Devtools property defaults active! Set 'spring.devtools.add-properties' to 'false' to disable
2024-05-26 15:18:57.282  INFO 16268 --- [restartedMain] .e.DevToolsPropertyDefaultsPostProcessor : For additional web related logging consider setting the 'logging.level.web' property to 'DEBUG'
2024-05-26 15:18:57.971  INFO 16268 --- [restartedMain] .s.d.r.c.RepositoryConfigurationDelegate : Multiple Spring Data modules found, entering strict repository configuration mode
2024-05-26 15:18:57.973  INFO 16268 --- [restartedMain] .s.d.r.c.RepositoryConfigurationDelegate : Bootstrapping Spring Data JDBC repositories in DEFAULT mode.
2024-05-26 15:18:58.000  INFO 16268 --- [restartedMain] .RepositoryConfigurationExtensionSupport : Spring Data JDBC - Could not safely identify store assignment for repository candidate interface mvc.moiso.repository.EmpleadoRepository; If you want this repository to be a JDBC repository, consider annotating your entities with one of these annotations: org.springframework.data.relational.core.mapping.Table.
2024-05-26 15:18:58.001  INFO 16268 --- [restartedMain] .RepositoryConfigurationExtensionSupport : Spring Data JDBC - Could not safely identify store assignment for repository candidate interface mvc.moiso.repository.EmpresaRepository; If you want this repository to be a JDBC repository, consider annotating your entities with one of these annotations: org.springframework.data.relational.core.mapping.Table.
2024-05-26 15:18:58.003  INFO 16268 --- [restartedMain] .RepositoryConfigurationExtensionSupport : Spring Data JDBC - Could not safely identify store assignment for repository candidate interface mvc.moiso.repository.MovimientosRepository; If you want this repository to be a JDBC repository, consider annotating your entities with one of these annotations: org.springframework.data.relational.core.mapping.Table.
2024-05-26 15:18:58.003  INFO 16268 --- [restartedMain] .s.d.r.c.RepositoryConfigurationDelegate : Finished Spring Data repository scanning in 24 ms. Found 0 JDBC repository interfaces.
2024-05-26 15:18:58.015  INFO 16268 --- [restartedMain] .s.d.r.c.RepositoryConfigurationDelegate : Multiple Spring Data modules found, entering strict repository configuration mode
2024-05-26 15:18:58.017  INFO 16268 --- [restartedMain] .s.d.r.c.RepositoryConfigurationDelegate : Bootstrapping Spring Data JPA repositories in DEFAULT mode.
2024-05-26 15:18:58.052  INFO 16268 --- [restartedMain] .s.d.r.c.RepositoryConfigurationDelegate : Finished Spring Data repository scanning in 30 ms. Found 3 JPA repository interfaces.
2024-05-26 15:18:58.407  INFO 16268 --- [restartedMain] trationDelegate$BeanPostProcessorChecker : Bean 'org.springframework.ws.config.annotation.DelegatingWsConfiguration' of type [org.springframework.ws.config.annotation.DelegatingWsConfiguration$$EnhancerBySpringCGLIB$$1f633238] is not eligible for getting processed by all BeanPostProcessors (for example: not eligible for auto-proxying)
2024-05-26 15:18:58.441  INFO 16268 --- [restartedMain] .w.s.a.s.AnnotationActionEndpointMapping : Supporting [WS-Addressing August 2004, WS-Addressing 1.0]
2024-05-26 15:18:58.812  INFO 16268 --- [restartedMain] o.s.b.w.embedded.tomcat.TomcatWebServer  : Tomcat initialized with port(s): 8080 (http)
2024-05-26 15:18:58.821  INFO 16268 --- [restartedMain] o.apache.catalina.core.StandardService   : Starting service [Tomcat]
2024-05-26 15:18:58.822  INFO 16268 --- [restartedMain] org.apache.catalina.core.StandardEngine  : Starting Servlet engine: [Apache Tomcat/9.0.65]
2024-05-26 15:18:58.912  INFO 16268 --- [restartedMain] o.a.c.c.C.[Tomcat].[localhost].[/]       : Initializing Spring embedded WebApplicationContext
2024-05-26 15:18:58.913  INFO 16268 --- [restartedMain] w.s.c.ServletWebServerApplicationContext : Root WebApplicationContext: initialization completed in 1631 ms
2024-05-26 15:18:59.154  INFO 16268 --- [restartedMain] o.hibernate.jpa.internal.util.LogHelper  : HHH000204: Processing PersistenceUnitInfo [name: default]
2024-05-26 15:18:59.207  INFO 16268 --- [restartedMain] org.hibernate.Version                    : HHH000412: Hibernate ORM core version 5.6.10.Final
2024-05-26 15:18:59.335  INFO 16268 --- [restartedMain] o.hibernate.annotations.common.Version   : HCANN000001: Hibernate Commons Annotations {5.1.2.Final}
2024-05-26 15:18:59.423  INFO 16268 --- [restartedMain] com.zaxxer.hikari.HikariDataSource       : HikariPool-1 - Starting...
2024-05-26 15:19:01.389  INFO 16268 --- [restartedMain] com.zaxxer.hikari.HikariDataSource       : HikariPool-1 - Start completed.
2024-05-26 15:19:01.401  INFO 16268 --- [restartedMain] org.hibernate.dialect.Dialect            : HHH000400: Using dialect: org.hibernate.dialect.PostgreSQLDialect
2024-05-26 15:19:03.660  INFO 16268 --- [restartedMain] o.h.e.t.j.p.i.JtaPlatformInitiator       : HHH000490: Using JtaPlatform implementation: [org.hibernate.engine.transaction.jta.platform.internal.NoJtaPlatform]
2024-05-26 15:19:03.672  INFO 16268 --- [restartedMain] j.LocalContainerEntityManagerFactoryBean : Initialized JPA EntityManagerFactory for persistence unit 'default'
2024-05-26 15:19:04.051  WARN 16268 --- [restartedMain] JpaBaseConfiguration$JpaWebConfiguration : spring.jpa.open-in-view is enabled by default. Therefore, database queries may be performed during view rendering. Explicitly configure spring.jpa.open-in-view to disable this warning
2024-05-26 15:19:04.223  INFO 16268 --- [restartedMain] o.s.s.web.DefaultSecurityFilterChain     : Will secure any request with [org.springframework.security.web.session.DisableEncodeUrlFilter@792ee915, org.springframework.security.web.context.request.async.WebAsyncManagerIntegrationFilter@1b45e303, org.springframework.security.web.context.SecurityContextPersistenceFilter@189c8061, org.springframework.security.web.header.HeaderWriterFilter@3a401a95, org.springframework.security.web.csrf.CsrfFilter@4119e37b, org.springframework.security.web.authentication.logout.LogoutFilter@14afe5d3, org.springframework.security.web.authentication.UsernamePasswordAuthenticationFilter@43974b48, org.springframework.security.web.authentication.ui.DefaultLoginPageGeneratingFilter@7dd441e0, org.springframework.security.web.authentication.ui.DefaultLogoutPageGeneratingFilter@194d1d65, org.springframework.security.web.savedrequest.RequestCacheAwareFilter@2d4a4091, org.springframework.security.web.servletapi.SecurityContextHolderAwareRequestFilter@5554efe4, org.springframework.security.web.authentication.AnonymousAuthenticationFilter@48fc798e, org.springframework.security.web.session.SessionManagementFilter@34ab664a, org.springframework.security.web.access.ExceptionTranslationFilter@1e5b894d, org.springframework.security.web.access.intercept.FilterSecurityInterceptor@5a76ccee]
2024-05-26 15:19:04.442  INFO 16268 --- [restartedMain] o.s.b.a.w.s.WelcomePageHandlerMapping    : Adding welcome page template: index
2024-05-26 15:19:04.846  INFO 16268 --- [restartedMain] o.s.b.d.a.OptionalLiveReloadServer       : LiveReload server is running on port 35729
2024-05-26 15:19:04.893  INFO 16268 --- [restartedMain] o.s.b.w.embedded.tomcat.TomcatWebServer  : Tomcat started on port(s): 8080 (http) with context path ''
2024-05-26 15:19:04.902  INFO 16268 --- [restartedMain] mvc.moiso.MoisoApplication               : Started MoisoApplication in 8.059 seconds (JVM running for 8.608)
2024-05-26 15:19:07.631  INFO 16268 --- [http-nio-8080-exec-1] o.a.c.c.C.[Tomcat].[localhost].[/]       : Initializing Spring DispatcherServlet 'dispatcherServlet'
2024-05-26 15:19:07.631  INFO 16268 --- [http-nio-8080-exec-1] o.s.web.servlet.DispatcherServlet        : Initializing Servlet 'dispatcherServlet'
2024-05-26 15:19:07.632  INFO 16268 --- [http-nio-8080-exec-1] o.s.web.servlet.DispatcherServlet        : Completed initialization in 1 ms
2024-05-26 15:26:23.467  INFO 16268 --- [SpringApplicationShutdownHook] j.LocalContainerEntityManagerFactoryBean : Closing JPA EntityManagerFactory for persistence unit 'default'
2024-05-26 15:26:23.478  INFO 16268 --- [SpringApplicationShutdownHook] com.zaxxer.hikari.HikariDataSource       : HikariPool-1 - Shutdown initiated...
2024-05-26 15:26:23.488  INFO 16268 --- [SpringApplicationShutdownHook] com.zaxxer.hikari.HikariDataSource       : HikariPool-1 - Shutdown completed.
2024-05-26 15:26:25.512  INFO 2980 --- [restartedMain] mvc.moiso.MoisoApplication               : Starting MoisoApplication using Java 18.0.2.1 on Moiso with PID 2980 (C:\Users\moises dev\Documents\gestor\Andres-Carnes-release\moiso\target\classes started by moises dev in C:\Users\moises dev\Documents\gestor\Andres-Carnes-release\moiso)
2024-05-26 15:26:25.513  INFO 2980 --- [restartedMain] mvc.moiso.MoisoApplication               : No active profile set, falling back to 1 default profile: "default"
2024-05-26 15:26:25.590  INFO 2980 --- [restartedMain] .e.DevToolsPropertyDefaultsPostProcessor : Devtools property defaults active! Set 'spring.devtools.add-properties' to 'false' to disable
2024-05-26 15:26:25.590  INFO 2980 --- [restartedMain] .e.DevToolsPropertyDefaultsPostProcessor : For additional web related logging consider setting the 'logging.level.web' property to 'DEBUG'
2024-05-26 15:26:26.227  INFO 2980 --- [restartedMain] .s.d.r.c.RepositoryConfigurationDelegate : Multiple Spring Data modules found, entering strict repository configuration mode
2024-05-26 15:26:26.229  INFO 2980 --- [restartedMain] .s.d.r.c.RepositoryConfigurationDelegate : Bootstrapping Spring Data JDBC repositories in DEFAULT mode.
2024-05-26 15:26:26.262  INFO 2980 --- [restartedMain] .RepositoryConfigurationExtensionSupport : Spring Data JDBC - Could not safely identify store assignment for repository candidate interface mvc.moiso.repository.EmpleadoRepository; If you want this repository to be a JDBC repository, consider annotating your entities with one of these annotations: org.springframework.data.relational.core.mapping.Table.
2024-05-26 15:26:26.264  INFO 2980 --- [restartedMain] .RepositoryConfigurationExtensionSupport : Spring Data JDBC - Could not safely identify store assignment for repository candidate interface mvc.moiso.repository.EmpresaRepository; If you want this repository to be a JDBC repository, consider annotating your entities with one of these annotations: org.springframework.data.relational.core.mapping.Table.
2024-05-26 15:26:26.266  INFO 2980 --- [restartedMain] .RepositoryConfigurationExtensionSupport : Spring Data JDBC - Could not safely identify store assignment for repository candidate interface mvc.moiso.repository.MovimientosRepository; If you want this repository to be a JDBC repository, consider annotating your entities with one of these annotations: org.springframework.data.relational.core.mapping.Table.
2024-05-26 15:26:26.268  INFO 2980 --- [restartedMain] .s.d.r.c.RepositoryConfigurationDelegate : Finished Spring Data repository scanning in 30 ms. Found 0 JDBC repository interfaces.
2024-05-26 15:26:26.279  INFO 2980 --- [restartedMain] .s.d.r.c.RepositoryConfigurationDelegate : Multiple Spring Data modules found, entering strict repository configuration mode
2024-05-26 15:26:26.280  INFO 2980 --- [restartedMain] .s.d.r.c.RepositoryConfigurationDelegate : Bootstrapping Spring Data JPA repositories in DEFAULT mode.
2024-05-26 15:26:26.316  INFO 2980 --- [restartedMain] .s.d.r.c.RepositoryConfigurationDelegate : Finished Spring Data repository scanning in 27 ms. Found 3 JPA repository interfaces.
2024-05-26 15:26:26.631  INFO 2980 --- [restartedMain] trationDelegate$BeanPostProcessorChecker : Bean 'org.springframework.ws.config.annotation.DelegatingWsConfiguration' of type [org.springframework.ws.config.annotation.DelegatingWsConfiguration$$EnhancerBySpringCGLIB$$c0f7b633] is not eligible for getting processed by all BeanPostProcessors (for example: not eligible for auto-proxying)
2024-05-26 15:26:26.665  INFO 2980 --- [restartedMain] .w.s.a.s.AnnotationActionEndpointMapping : Supporting [WS-Addressing August 2004, WS-Addressing 1.0]
2024-05-26 15:26:27.063  INFO 2980 --- [restartedMain] o.s.b.w.embedded.tomcat.TomcatWebServer  : Tomcat initialized with port(s): 8080 (http)
2024-05-26 15:26:27.078  INFO 2980 --- [restartedMain] o.apache.catalina.core.StandardService   : Starting service [Tomcat]
2024-05-26 15:26:27.078  INFO 2980 --- [restartedMain] org.apache.catalina.core.StandardEngine  : Starting Servlet engine: [Apache Tomcat/9.0.65]
2024-05-26 15:26:27.171  INFO 2980 --- [restartedMain] o.a.c.c.C.[Tomcat].[localhost].[/]       : Initializing Spring embedded WebApplicationContext
2024-05-26 15:26:27.171  INFO 2980 --- [restartedMain] w.s.c.ServletWebServerApplicationContext : Root WebApplicationContext: initialization completed in 1580 ms
2024-05-26 15:26:27.456  INFO 2980 --- [restartedMain] o.hibernate.jpa.internal.util.LogHelper  : HHH000204: Processing PersistenceUnitInfo [name: default]
2024-05-26 15:26:27.489  INFO 2980 --- [restartedMain] org.hibernate.Version                    : HHH000412: Hibernate ORM core version 5.6.10.Final
2024-05-26 15:26:27.596  INFO 2980 --- [restartedMain] o.hibernate.annotations.common.Version   : HCANN000001: Hibernate Commons Annotations {5.1.2.Final}
2024-05-26 15:26:27.687  INFO 2980 --- [restartedMain] com.zaxxer.hikari.HikariDataSource       : HikariPool-1 - Starting...
2024-05-26 15:26:29.650  INFO 2980 --- [restartedMain] com.zaxxer.hikari.HikariDataSource       : HikariPool-1 - Start completed.
2024-05-26 15:26:29.660  INFO 2980 --- [restartedMain] org.hibernate.dialect.Dialect            : HHH000400: Using dialect: org.hibernate.dialect.PostgreSQLDialect
2024-05-26 15:26:31.946  INFO 2980 --- [restartedMain] o.h.e.t.j.p.i.JtaPlatformInitiator       : HHH000490: Using JtaPlatform implementation: [org.hibernate.engine.transaction.jta.platform.internal.NoJtaPlatform]
2024-05-26 15:26:31.956  INFO 2980 --- [restartedMain] j.LocalContainerEntityManagerFactoryBean : Initialized JPA EntityManagerFactory for persistence unit 'default'
2024-05-26 15:26:32.396  WARN 2980 --- [restartedMain] JpaBaseConfiguration$JpaWebConfiguration : spring.jpa.open-in-view is enabled by default. Therefore, database queries may be performed during view rendering. Explicitly configure spring.jpa.open-in-view to disable this warning
2024-05-26 15:26:32.586  INFO 2980 --- [restartedMain] o.s.s.web.DefaultSecurityFilterChain     : Will secure any request with [org.springframework.security.web.session.DisableEncodeUrlFilter@2cafe618, org.springframework.security.web.context.request.async.WebAsyncManagerIntegrationFilter@39c839ba, org.springframework.security.web.context.SecurityContextPersistenceFilter@7d06e5aa, org.springframework.security.web.header.HeaderWriterFilter@154a32a9, org.springframework.security.web.csrf.CsrfFilter@4ab9cc29, org.springframework.security.web.authentication.logout.LogoutFilter@7fbf6cb2, org.springframework.security.web.authentication.UsernamePasswordAuthenticationFilter@10d5461, org.springframework.security.web.authentication.ui.DefaultLoginPageGeneratingFilter@6f522c2a, org.springframework.security.web.authentication.ui.DefaultLogoutPageGeneratingFilter@ff3188a, org.springframework.security.web.savedrequest.RequestCacheAwareFilter@650d9e4, org.springframework.security.web.servletapi.SecurityContextHolderAwareRequestFilter@6db55c0a, org.springframework.security.web.authentication.AnonymousAuthenticationFilter@18e8d970, org.springframework.security.web.session.SessionManagementFilter@7c1b7ea7, org.springframework.security.web.access.ExceptionTranslationFilter@5554efe4, org.springframework.security.web.access.intercept.FilterSecurityInterceptor@727df9ef]
2024-05-26 15:26:32.754  INFO 2980 --- [restartedMain] o.s.b.a.w.s.WelcomePageHandlerMapping    : Adding welcome page template: index
2024-05-26 15:26:33.463  INFO 2980 --- [restartedMain] o.s.b.d.a.OptionalLiveReloadServer       : LiveReload server is running on port 35729
2024-05-26 15:26:33.507  INFO 2980 --- [restartedMain] o.s.b.w.embedded.tomcat.TomcatWebServer  : Tomcat started on port(s): 8080 (http) with context path ''
2024-05-26 15:26:33.517  INFO 2980 --- [restartedMain] mvc.moiso.MoisoApplication               : Started MoisoApplication in 8.397 seconds (JVM running for 9.037)
2024-05-26 15:26:36.934  INFO 2980 --- [http-nio-8080-exec-1] o.a.c.c.C.[Tomcat].[localhost].[/]       : Initializing Spring DispatcherServlet 'dispatcherServlet'
2024-05-26 15:26:36.934  INFO 2980 --- [http-nio-8080-exec-1] o.s.web.servlet.DispatcherServlet        : Initializing Servlet 'dispatcherServlet'
2024-05-26 15:26:36.935  INFO 2980 --- [http-nio-8080-exec-1] o.s.web.servlet.DispatcherServlet        : Completed initialization in 1 ms
2024-05-26 15:28:18.886  INFO 2980 --- [SpringApplicationShutdownHook] j.LocalContainerEntityManagerFactoryBean : Closing JPA EntityManagerFactory for persistence unit 'default'
2024-05-26 15:28:18.891  INFO 2980 --- [SpringApplicationShutdownHook] com.zaxxer.hikari.HikariDataSource       : HikariPool-1 - Shutdown initiated...
2024-05-26 15:28:18.901  INFO 2980 --- [SpringApplicationShutdownHook] com.zaxxer.hikari.HikariDataSource       : HikariPool-1 - Shutdown completed.
2024-05-26 15:28:20.939  INFO 10296 --- [restartedMain] mvc.moiso.MoisoApplication               : Starting MoisoApplication using Java 18.0.2.1 on Moiso with PID 10296 (C:\Users\moises dev\Documents\gestor\Andres-Carnes-release\moiso\target\classes started by moises dev in C:\Users\moises dev\Documents\gestor\Andres-Carnes-release\moiso)
2024-05-26 15:28:20.940  INFO 10296 --- [restartedMain] mvc.moiso.MoisoApplication               : No active profile set, falling back to 1 default profile: "default"
2024-05-26 15:28:21.020  INFO 10296 --- [restartedMain] .e.DevToolsPropertyDefaultsPostProcessor : Devtools property defaults active! Set 'spring.devtools.add-properties' to 'false' to disable
2024-05-26 15:28:21.020  INFO 10296 --- [restartedMain] .e.DevToolsPropertyDefaultsPostProcessor : For additional web related logging consider setting the 'logging.level.web' property to 'DEBUG'
2024-05-26 15:28:21.836  INFO 10296 --- [restartedMain] .s.d.r.c.RepositoryConfigurationDelegate : Multiple Spring Data modules found, entering strict repository configuration mode
2024-05-26 15:28:21.838  INFO 10296 --- [restartedMain] .s.d.r.c.RepositoryConfigurationDelegate : Bootstrapping Spring Data JDBC repositories in DEFAULT mode.
2024-05-26 15:28:21.870  INFO 10296 --- [restartedMain] .RepositoryConfigurationExtensionSupport : Spring Data JDBC - Could not safely identify store assignment for repository candidate interface mvc.moiso.repository.EmpleadoRepository; If you want this repository to be a JDBC repository, consider annotating your entities with one of these annotations: org.springframework.data.relational.core.mapping.Table.
2024-05-26 15:28:21.871  INFO 10296 --- [restartedMain] .RepositoryConfigurationExtensionSupport : Spring Data JDBC - Could not safely identify store assignment for repository candidate interface mvc.moiso.repository.EmpresaRepository; If you want this repository to be a JDBC repository, consider annotating your entities with one of these annotations: org.springframework.data.relational.core.mapping.Table.
2024-05-26 15:28:21.873  INFO 10296 --- [restartedMain] .RepositoryConfigurationExtensionSupport : Spring Data JDBC - Could not safely identify store assignment for repository candidate interface mvc.moiso.repository.MovimientosRepository; If you want this repository to be a JDBC repository, consider annotating your entities with one of these annotations: org.springframework.data.relational.core.mapping.Table.
2024-05-26 15:28:21.874  INFO 10296 --- [restartedMain] .s.d.r.c.RepositoryConfigurationDelegate : Finished Spring Data repository scanning in 30 ms. Found 0 JDBC repository interfaces.
2024-05-26 15:28:21.885  INFO 10296 --- [restartedMain] .s.d.r.c.RepositoryConfigurationDelegate : Multiple Spring Data modules found, entering strict repository configuration mode
2024-05-26 15:28:21.886  INFO 10296 --- [restartedMain] .s.d.r.c.RepositoryConfigurationDelegate : Bootstrapping Spring Data JPA repositories in DEFAULT mode.
2024-05-26 15:28:21.928  INFO 10296 --- [restartedMain] .s.d.r.c.RepositoryConfigurationDelegate : Finished Spring Data repository scanning in 36 ms. Found 3 JPA repository interfaces.
2024-05-26 15:28:22.266  INFO 10296 --- [restartedMain] trationDelegate$BeanPostProcessorChecker : Bean 'org.springframework.ws.config.annotation.DelegatingWsConfiguration' of type [org.springframework.ws.config.annotation.DelegatingWsConfiguration$$EnhancerBySpringCGLIB$$1f633238] is not eligible for getting processed by all BeanPostProcessors (for example: not eligible for auto-proxying)
2024-05-26 15:28:22.305  INFO 10296 --- [restartedMain] .w.s.a.s.AnnotationActionEndpointMapping : Supporting [WS-Addressing August 2004, WS-Addressing 1.0]
2024-05-26 15:28:22.715  INFO 10296 --- [restartedMain] o.s.b.w.embedded.tomcat.TomcatWebServer  : Tomcat initialized with port(s): 8080 (http)
2024-05-26 15:28:22.733  INFO 10296 --- [restartedMain] o.apache.catalina.core.StandardService   : Starting service [Tomcat]
2024-05-26 15:28:22.734  INFO 10296 --- [restartedMain] org.apache.catalina.core.StandardEngine  : Starting Servlet engine: [Apache Tomcat/9.0.65]
2024-05-26 15:28:22.842  INFO 10296 --- [restartedMain] o.a.c.c.C.[Tomcat].[localhost].[/]       : Initializing Spring embedded WebApplicationContext
2024-05-26 15:28:22.842  INFO 10296 --- [restartedMain] w.s.c.ServletWebServerApplicationContext : Root WebApplicationContext: initialization completed in 1821 ms
2024-05-26 15:28:23.106  INFO 10296 --- [restartedMain] o.hibernate.jpa.internal.util.LogHelper  : HHH000204: Processing PersistenceUnitInfo [name: default]
2024-05-26 15:28:23.143  INFO 10296 --- [restartedMain] org.hibernate.Version                    : HHH000412: Hibernate ORM core version 5.6.10.Final
2024-05-26 15:28:23.269  INFO 10296 --- [restartedMain] o.hibernate.annotations.common.Version   : HCANN000001: Hibernate Commons Annotations {5.1.2.Final}
2024-05-26 15:28:23.356  INFO 10296 --- [restartedMain] com.zaxxer.hikari.HikariDataSource       : HikariPool-1 - Starting...
2024-05-26 15:28:25.431  INFO 10296 --- [restartedMain] com.zaxxer.hikari.HikariDataSource       : HikariPool-1 - Start completed.
2024-05-26 15:28:25.441  INFO 10296 --- [restartedMain] org.hibernate.dialect.Dialect            : HHH000400: Using dialect: org.hibernate.dialect.PostgreSQLDialect
2024-05-26 15:28:27.701  INFO 10296 --- [restartedMain] o.h.e.t.j.p.i.JtaPlatformInitiator       : HHH000490: Using JtaPlatform implementation: [org.hibernate.engine.transaction.jta.platform.internal.NoJtaPlatform]
2024-05-26 15:28:27.709  INFO 10296 --- [restartedMain] j.LocalContainerEntityManagerFactoryBean : Initialized JPA EntityManagerFactory for persistence unit 'default'
2024-05-26 15:28:28.103  WARN 10296 --- [restartedMain] JpaBaseConfiguration$JpaWebConfiguration : spring.jpa.open-in-view is enabled by default. Therefore, database queries may be performed during view rendering. Explicitly configure spring.jpa.open-in-view to disable this warning
2024-05-26 15:28:28.262  INFO 10296 --- [restartedMain] o.s.s.web.DefaultSecurityFilterChain     : Will secure any request with [org.springframework.security.web.session.DisableEncodeUrlFilter@4612f598, org.springframework.security.web.context.request.async.WebAsyncManagerIntegrationFilter@30736abb, org.springframework.security.web.context.SecurityContextPersistenceFilter@5c26530e, org.springframework.security.web.header.HeaderWriterFilter@138f7907, org.springframework.security.web.csrf.CsrfFilter@2c7fd895, org.springframework.security.web.authentication.logout.LogoutFilter@404d1ca2, org.springframework.security.web.authentication.UsernamePasswordAuthenticationFilter@44ad4f5c, org.springframework.security.web.authentication.ui.DefaultLoginPageGeneratingFilter@37c23fa8, org.springframework.security.web.authentication.ui.DefaultLogoutPageGeneratingFilter@2b6fabee, org.springframework.security.web.savedrequest.RequestCacheAwareFilter@43b347c8, org.springframework.security.web.servletapi.SecurityContextHolderAwareRequestFilter@5d236f2f, org.springframework.security.web.authentication.AnonymousAuthenticationFilter@1f336655, org.springframework.security.web.session.SessionManagementFilter@37f72e15, org.springframework.security.web.access.ExceptionTranslationFilter@54f45d90, org.springframework.security.web.access.intercept.FilterSecurityInterceptor@5010cfe5]
2024-05-26 15:28:28.431  INFO 10296 --- [restartedMain] o.s.b.a.w.s.WelcomePageHandlerMapping    : Adding welcome page template: index
2024-05-26 15:28:28.855  INFO 10296 --- [restartedMain] o.s.b.d.a.OptionalLiveReloadServer       : LiveReload server is running on port 35729
2024-05-26 15:28:28.897  INFO 10296 --- [restartedMain] o.s.b.w.embedded.tomcat.TomcatWebServer  : Tomcat started on port(s): 8080 (http) with context path ''
2024-05-26 15:28:28.908  INFO 10296 --- [restartedMain] mvc.moiso.MoisoApplication               : Started MoisoApplication in 8.502 seconds (JVM running for 9.086)
2024-05-26 15:28:45.707  INFO 10296 --- [http-nio-8080-exec-1] o.a.c.c.C.[Tomcat].[localhost].[/]       : Initializing Spring DispatcherServlet 'dispatcherServlet'
2024-05-26 15:28:45.707  INFO 10296 --- [http-nio-8080-exec-1] o.s.web.servlet.DispatcherServlet        : Initializing Servlet 'dispatcherServlet'
2024-05-26 15:28:45.708  INFO 10296 --- [http-nio-8080-exec-1] o.s.web.servlet.DispatcherServlet        : Completed initialization in 1 ms
2024-05-26 15:47:10.377  INFO 10296 --- [SpringApplicationShutdownHook] j.LocalContainerEntityManagerFactoryBean : Closing JPA EntityManagerFactory for persistence unit 'default'
2024-05-26 15:47:10.380  INFO 10296 --- [SpringApplicationShutdownHook] com.zaxxer.hikari.HikariDataSource       : HikariPool-1 - Shutdown initiated...
2024-05-26 15:47:10.506  INFO 10296 --- [SpringApplicationShutdownHook] com.zaxxer.hikari.HikariDataSource       : HikariPool-1 - Shutdown completed.
2024-05-26 15:47:12.502  INFO 18372 --- [restartedMain] mvc.moiso.MoisoApplication               : Starting MoisoApplication using Java 18.0.2.1 on Moiso with PID 18372 (C:\Users\moises dev\Documents\gestor\Andres-Carnes-release\moiso\target\classes started by moises dev in C:\Users\moises dev\Documents\gestor\Andres-Carnes-release\moiso)
2024-05-26 15:47:12.504  INFO 18372 --- [restartedMain] mvc.moiso.MoisoApplication               : No active profile set, falling back to 1 default profile: "default"
2024-05-26 15:47:12.575  INFO 18372 --- [restartedMain] .e.DevToolsPropertyDefaultsPostProcessor : Devtools property defaults active! Set 'spring.devtools.add-properties' to 'false' to disable
2024-05-26 15:47:12.575  INFO 18372 --- [restartedMain] .e.DevToolsPropertyDefaultsPostProcessor : For additional web related logging consider setting the 'logging.level.web' property to 'DEBUG'
2024-05-26 15:47:13.249  INFO 18372 --- [restartedMain] .s.d.r.c.RepositoryConfigurationDelegate : Multiple Spring Data modules found, entering strict repository configuration mode
2024-05-26 15:47:13.252  INFO 18372 --- [restartedMain] .s.d.r.c.RepositoryConfigurationDelegate : Bootstrapping Spring Data JDBC repositories in DEFAULT mode.
2024-05-26 15:47:13.283  INFO 18372 --- [restartedMain] .RepositoryConfigurationExtensionSupport : Spring Data JDBC - Could not safely identify store assignment for repository candidate interface mvc.moiso.repository.EmpleadoRepository; If you want this repository to be a JDBC repository, consider annotating your entities with one of these annotations: org.springframework.data.relational.core.mapping.Table.
2024-05-26 15:47:13.284  INFO 18372 --- [restartedMain] .RepositoryConfigurationExtensionSupport : Spring Data JDBC - Could not safely identify store assignment for repository candidate interface mvc.moiso.repository.EmpresaRepository; If you want this repository to be a JDBC repository, consider annotating your entities with one of these annotations: org.springframework.data.relational.core.mapping.Table.
2024-05-26 15:47:13.286  INFO 18372 --- [restartedMain] .RepositoryConfigurationExtensionSupport : Spring Data JDBC - Could not safely identify store assignment for repository candidate interface mvc.moiso.repository.MovimientosRepository; If you want this repository to be a JDBC repository, consider annotating your entities with one of these annotations: org.springframework.data.relational.core.mapping.Table.
2024-05-26 15:47:13.286  INFO 18372 --- [restartedMain] .s.d.r.c.RepositoryConfigurationDelegate : Finished Spring Data repository scanning in 28 ms. Found 0 JDBC repository interfaces.
2024-05-26 15:47:13.295  INFO 18372 --- [restartedMain] .s.d.r.c.RepositoryConfigurationDelegate : Multiple Spring Data modules found, entering strict repository configuration mode
2024-05-26 15:47:13.296  INFO 18372 --- [restartedMain] .s.d.r.c.RepositoryConfigurationDelegate : Bootstrapping Spring Data JPA repositories in DEFAULT mode.
2024-05-26 15:47:13.326  INFO 18372 --- [restartedMain] .s.d.r.c.RepositoryConfigurationDelegate : Finished Spring Data repository scanning in 26 ms. Found 3 JPA repository interfaces.
2024-05-26 15:47:13.611  INFO 18372 --- [restartedMain] trationDelegate$BeanPostProcessorChecker : Bean 'org.springframework.ws.config.annotation.DelegatingWsConfiguration' of type [org.springframework.ws.config.annotation.DelegatingWsConfiguration$$EnhancerBySpringCGLIB$$c0f7b633] is not eligible for getting processed by all BeanPostProcessors (for example: not eligible for auto-proxying)
2024-05-26 15:47:13.672  INFO 18372 --- [restartedMain] .w.s.a.s.AnnotationActionEndpointMapping : Supporting [WS-Addressing August 2004, WS-Addressing 1.0]
2024-05-26 15:47:14.036  INFO 18372 --- [restartedMain] o.s.b.w.embedded.tomcat.TomcatWebServer  : Tomcat initialized with port(s): 8080 (http)
2024-05-26 15:47:14.050  INFO 18372 --- [restartedMain] o.apache.catalina.core.StandardService   : Starting service [Tomcat]
2024-05-26 15:47:14.050  INFO 18372 --- [restartedMain] org.apache.catalina.core.StandardEngine  : Starting Servlet engine: [Apache Tomcat/9.0.65]
2024-05-26 15:47:14.155  INFO 18372 --- [restartedMain] o.a.c.c.C.[Tomcat].[localhost].[/]       : Initializing Spring embedded WebApplicationContext
2024-05-26 15:47:14.155  INFO 18372 --- [restartedMain] w.s.c.ServletWebServerApplicationContext : Root WebApplicationContext: initialization completed in 1579 ms
2024-05-26 15:47:14.410  INFO 18372 --- [restartedMain] o.hibernate.jpa.internal.util.LogHelper  : HHH000204: Processing PersistenceUnitInfo [name: default]
2024-05-26 15:47:14.457  INFO 18372 --- [restartedMain] org.hibernate.Version                    : HHH000412: Hibernate ORM core version 5.6.10.Final
2024-05-26 15:47:14.596  INFO 18372 --- [restartedMain] o.hibernate.annotations.common.Version   : HCANN000001: Hibernate Commons Annotations {5.1.2.Final}
2024-05-26 15:47:14.694  INFO 18372 --- [restartedMain] com.zaxxer.hikari.HikariDataSource       : HikariPool-1 - Starting...
2024-05-26 15:47:16.723  INFO 18372 --- [restartedMain] com.zaxxer.hikari.HikariDataSource       : HikariPool-1 - Start completed.
2024-05-26 15:47:16.747  INFO 18372 --- [restartedMain] org.hibernate.dialect.Dialect            : HHH000400: Using dialect: org.hibernate.dialect.PostgreSQLDialect
2024-05-26 15:47:19.170  INFO 18372 --- [restartedMain] o.h.e.t.j.p.i.JtaPlatformInitiator       : HHH000490: Using JtaPlatform implementation: [org.hibernate.engine.transaction.jta.platform.internal.NoJtaPlatform]
2024-05-26 15:47:19.182  INFO 18372 --- [restartedMain] j.LocalContainerEntityManagerFactoryBean : Initialized JPA EntityManagerFactory for persistence unit 'default'
2024-05-26 15:47:19.603  WARN 18372 --- [restartedMain] JpaBaseConfiguration$JpaWebConfiguration : spring.jpa.open-in-view is enabled by default. Therefore, database queries may be performed during view rendering. Explicitly configure spring.jpa.open-in-view to disable this warning
2024-05-26 15:47:19.760  INFO 18372 --- [restartedMain] o.s.s.web.DefaultSecurityFilterChain     : Will secure any request with [org.springframework.security.web.session.DisableEncodeUrlFilter@7f2e0341, org.springframework.security.web.context.request.async.WebAsyncManagerIntegrationFilter@3acf16cb, org.springframework.security.web.context.SecurityContextPersistenceFilter@2a3cc905, org.springframework.security.web.header.HeaderWriterFilter@5d236f2f, org.springframework.security.web.csrf.CsrfFilter@5a39bd14, org.springframework.security.web.authentication.logout.LogoutFilter@650d9e4, org.springframework.security.web.authentication.UsernamePasswordAuthenticationFilter@1eb77958, org.springframework.security.web.authentication.ui.DefaultLoginPageGeneratingFilter@189c8061, org.springframework.security.web.authentication.ui.DefaultLogoutPageGeneratingFilter@2051c4cf, org.springframework.security.web.savedrequest.RequestCacheAwareFilter@1a87c62b, org.springframework.security.web.servletapi.SecurityContextHolderAwareRequestFilter@2a177c5a, org.springframework.security.web.authentication.AnonymousAuthenticationFilter@4cac7d97, org.springframework.security.web.session.SessionManagementFilter@e275e99, org.springframework.security.web.access.ExceptionTranslationFilter@407bb62, org.springframework.security.web.access.intercept.FilterSecurityInterceptor@1f336655]
2024-05-26 15:47:19.920  INFO 18372 --- [restartedMain] o.s.b.a.w.s.WelcomePageHandlerMapping    : Adding welcome page template: index
2024-05-26 15:47:20.324  INFO 18372 --- [restartedMain] o.s.b.d.a.OptionalLiveReloadServer       : LiveReload server is running on port 35729
2024-05-26 15:47:20.368  INFO 18372 --- [restartedMain] o.s.b.w.embedded.tomcat.TomcatWebServer  : Tomcat started on port(s): 8080 (http) with context path ''
2024-05-26 15:47:20.378  INFO 18372 --- [restartedMain] mvc.moiso.MoisoApplication               : Started MoisoApplication in 8.289 seconds (JVM running for 8.877)
2024-05-26 15:49:48.877  INFO 18372 --- [http-nio-8080-exec-1] o.a.c.c.C.[Tomcat].[localhost].[/]       : Initializing Spring DispatcherServlet 'dispatcherServlet'
2024-05-26 15:49:48.878  INFO 18372 --- [http-nio-8080-exec-1] o.s.web.servlet.DispatcherServlet        : Initializing Servlet 'dispatcherServlet'
2024-05-26 15:49:48.879  INFO 18372 --- [http-nio-8080-exec-1] o.s.web.servlet.DispatcherServlet        : Completed initialization in 1 ms
2024-05-26 15:51:39.472  INFO 18372 --- [SpringApplicationShutdownHook] j.LocalContainerEntityManagerFactoryBean : Closing JPA EntityManagerFactory for persistence unit 'default'
2024-05-26 15:51:39.478  INFO 18372 --- [SpringApplicationShutdownHook] com.zaxxer.hikari.HikariDataSource       : HikariPool-1 - Shutdown initiated...
2024-05-26 15:51:39.609  INFO 18372 --- [SpringApplicationShutdownHook] com.zaxxer.hikari.HikariDataSource       : HikariPool-1 - Shutdown completed.
2024-05-26 15:51:41.423  INFO 12436 --- [restartedMain] mvc.moiso.MoisoApplication               : Starting MoisoApplication using Java 18.0.2.1 on Moiso with PID 12436 (C:\Users\moises dev\Documents\gestor\Andres-Carnes-release\moiso\target\classes started by moises dev in C:\Users\moises dev\Documents\gestor\Andres-Carnes-release\moiso)
2024-05-26 15:51:41.424  INFO 12436 --- [restartedMain] mvc.moiso.MoisoApplication               : No active profile set, falling back to 1 default profile: "default"
2024-05-26 15:51:41.506  INFO 12436 --- [restartedMain] .e.DevToolsPropertyDefaultsPostProcessor : Devtools property defaults active! Set 'spring.devtools.add-properties' to 'false' to disable
2024-05-26 15:51:41.507  INFO 12436 --- [restartedMain] .e.DevToolsPropertyDefaultsPostProcessor : For additional web related logging consider setting the 'logging.level.web' property to 'DEBUG'
2024-05-26 15:51:42.211  INFO 12436 --- [restartedMain] .s.d.r.c.RepositoryConfigurationDelegate : Multiple Spring Data modules found, entering strict repository configuration mode
2024-05-26 15:51:42.212  INFO 12436 --- [restartedMain] .s.d.r.c.RepositoryConfigurationDelegate : Bootstrapping Spring Data JDBC repositories in DEFAULT mode.
2024-05-26 15:51:42.240  INFO 12436 --- [restartedMain] .RepositoryConfigurationExtensionSupport : Spring Data JDBC - Could not safely identify store assignment for repository candidate interface mvc.moiso.repository.EmpleadoRepository; If you want this repository to be a JDBC repository, consider annotating your entities with one of these annotations: org.springframework.data.relational.core.mapping.Table.
2024-05-26 15:51:42.242  INFO 12436 --- [restartedMain] .RepositoryConfigurationExtensionSupport : Spring Data JDBC - Could not safely identify store assignment for repository candidate interface mvc.moiso.repository.EmpresaRepository; If you want this repository to be a JDBC repository, consider annotating your entities with one of these annotations: org.springframework.data.relational.core.mapping.Table.
2024-05-26 15:51:42.245  INFO 12436 --- [restartedMain] .RepositoryConfigurationExtensionSupport : Spring Data JDBC - Could not safely identify store assignment for repository candidate interface mvc.moiso.repository.MovimientosRepository; If you want this repository to be a JDBC repository, consider annotating your entities with one of these annotations: org.springframework.data.relational.core.mapping.Table.
2024-05-26 15:51:42.246  INFO 12436 --- [restartedMain] .s.d.r.c.RepositoryConfigurationDelegate : Finished Spring Data repository scanning in 30 ms. Found 0 JDBC repository interfaces.
2024-05-26 15:51:42.254  INFO 12436 --- [restartedMain] .s.d.r.c.RepositoryConfigurationDelegate : Multiple Spring Data modules found, entering strict repository configuration mode
2024-05-26 15:51:42.254  INFO 12436 --- [restartedMain] .s.d.r.c.RepositoryConfigurationDelegate : Bootstrapping Spring Data JPA repositories in DEFAULT mode.
2024-05-26 15:51:42.286  INFO 12436 --- [restartedMain] .s.d.r.c.RepositoryConfigurationDelegate : Finished Spring Data repository scanning in 26 ms. Found 3 JPA repository interfaces.
2024-05-26 15:51:42.561  INFO 12436 --- [restartedMain] trationDelegate$BeanPostProcessorChecker : Bean 'org.springframework.ws.config.annotation.DelegatingWsConfiguration' of type [org.springframework.ws.config.annotation.DelegatingWsConfiguration$$EnhancerBySpringCGLIB$$c0f7b633] is not eligible for getting processed by all BeanPostProcessors (for example: not eligible for auto-proxying)
2024-05-26 15:51:42.600  INFO 12436 --- [restartedMain] .w.s.a.s.AnnotationActionEndpointMapping : Supporting [WS-Addressing August 2004, WS-Addressing 1.0]
2024-05-26 15:51:42.942  INFO 12436 --- [restartedMain] o.s.b.w.embedded.tomcat.TomcatWebServer  : Tomcat initialized with port(s): 8080 (http)
2024-05-26 15:51:42.957  INFO 12436 --- [restartedMain] o.apache.catalina.core.StandardService   : Starting service [Tomcat]
2024-05-26 15:51:42.957  INFO 12436 --- [restartedMain] org.apache.catalina.core.StandardEngine  : Starting Servlet engine: [Apache Tomcat/9.0.65]
2024-05-26 15:51:43.051  INFO 12436 --- [restartedMain] o.a.c.c.C.[Tomcat].[localhost].[/]       : Initializing Spring embedded WebApplicationContext
2024-05-26 15:51:43.051  INFO 12436 --- [restartedMain] w.s.c.ServletWebServerApplicationContext : Root WebApplicationContext: initialization completed in 1544 ms
2024-05-26 15:51:43.330  INFO 12436 --- [restartedMain] o.hibernate.jpa.internal.util.LogHelper  : HHH000204: Processing PersistenceUnitInfo [name: default]
2024-05-26 15:51:43.373  INFO 12436 --- [restartedMain] org.hibernate.Version                    : HHH000412: Hibernate ORM core version 5.6.10.Final
2024-05-26 15:51:43.505  INFO 12436 --- [restartedMain] o.hibernate.annotations.common.Version   : HCANN000001: Hibernate Commons Annotations {5.1.2.Final}
2024-05-26 15:51:43.603  INFO 12436 --- [restartedMain] com.zaxxer.hikari.HikariDataSource       : HikariPool-1 - Starting...
2024-05-26 15:51:45.692  INFO 12436 --- [restartedMain] com.zaxxer.hikari.HikariDataSource       : HikariPool-1 - Start completed.
2024-05-26 15:51:45.702  INFO 12436 --- [restartedMain] org.hibernate.dialect.Dialect            : HHH000400: Using dialect: org.hibernate.dialect.PostgreSQLDialect
2024-05-26 15:51:48.035  INFO 12436 --- [restartedMain] o.h.e.t.j.p.i.JtaPlatformInitiator       : HHH000490: Using JtaPlatform implementation: [org.hibernate.engine.transaction.jta.platform.internal.NoJtaPlatform]
2024-05-26 15:51:48.043  INFO 12436 --- [restartedMain] j.LocalContainerEntityManagerFactoryBean : Initialized JPA EntityManagerFactory for persistence unit 'default'
2024-05-26 15:51:48.478  WARN 12436 --- [restartedMain] JpaBaseConfiguration$JpaWebConfiguration : spring.jpa.open-in-view is enabled by default. Therefore, database queries may be performed during view rendering. Explicitly configure spring.jpa.open-in-view to disable this warning
2024-05-26 15:51:48.608  INFO 12436 --- [restartedMain] o.s.s.web.DefaultSecurityFilterChain     : Will secure any request with [org.springframework.security.web.session.DisableEncodeUrlFilter@12c74bf, org.springframework.security.web.context.request.async.WebAsyncManagerIntegrationFilter@2f75afe9, org.springframework.security.web.context.SecurityContextPersistenceFilter@34ab664a, org.springframework.security.web.header.HeaderWriterFilter@2a3cc905, org.springframework.security.web.csrf.CsrfFilter@54f45d90, org.springframework.security.web.authentication.logout.LogoutFilter@6db55c0a, org.springframework.security.web.authentication.UsernamePasswordAuthenticationFilter@3acf16cb, org.springframework.security.web.authentication.ui.DefaultLoginPageGeneratingFilter@6661c2f9, org.springframework.security.web.authentication.ui.DefaultLogoutPageGeneratingFilter@1a3f55, org.springframework.security.web.savedrequest.RequestCacheAwareFilter@2a177c5a, org.springframework.security.web.servletapi.SecurityContextHolderAwareRequestFilter@404d1ca2, org.springframework.security.web.authentication.AnonymousAuthenticationFilter@792ee915, org.springframework.security.web.session.SessionManagementFilter@1a87c62b, org.springframework.security.web.access.ExceptionTranslationFilter@4ab9cc29, org.springframework.security.web.access.intercept.FilterSecurityInterceptor@1eb77958]
2024-05-26 15:51:48.774  INFO 12436 --- [restartedMain] o.s.b.a.w.s.WelcomePageHandlerMapping    : Adding welcome page template: index
2024-05-26 15:51:49.279  INFO 12436 --- [restartedMain] o.s.b.d.a.OptionalLiveReloadServer       : LiveReload server is running on port 35729
2024-05-26 15:51:49.311  INFO 12436 --- [restartedMain] o.s.b.w.embedded.tomcat.TomcatWebServer  : Tomcat started on port(s): 8080 (http) with context path ''
2024-05-26 15:51:49.322  INFO 12436 --- [restartedMain] mvc.moiso.MoisoApplication               : Started MoisoApplication in 8.297 seconds (JVM running for 8.827)
2024-05-26 15:51:55.093  INFO 12436 --- [http-nio-8080-exec-1] o.a.c.c.C.[Tomcat].[localhost].[/]       : Initializing Spring DispatcherServlet 'dispatcherServlet'
2024-05-26 15:51:55.093  INFO 12436 --- [http-nio-8080-exec-1] o.s.web.servlet.DispatcherServlet        : Initializing Servlet 'dispatcherServlet'
2024-05-26 15:51:55.095  INFO 12436 --- [http-nio-8080-exec-1] o.s.web.servlet.DispatcherServlet        : Completed initialization in 1 ms
2024-05-26 16:13:07.115  INFO 12436 --- [SpringApplicationShutdownHook] j.LocalContainerEntityManagerFactoryBean : Closing JPA EntityManagerFactory for persistence unit 'default'
2024-05-26 16:13:07.118  INFO 12436 --- [SpringApplicationShutdownHook] com.zaxxer.hikari.HikariDataSource       : HikariPool-1 - Shutdown initiated...
2024-05-26 16:13:07.126  INFO 12436 --- [SpringApplicationShutdownHook] com.zaxxer.hikari.HikariDataSource       : HikariPool-1 - Shutdown completed.
2024-05-26 16:13:09.144  INFO 19448 --- [restartedMain] mvc.moiso.MoisoApplication               : Starting MoisoApplication using Java 18.0.2.1 on Moiso with PID 19448 (C:\Users\moises dev\Documents\gestor\Andres-Carnes-release\moiso\target\classes started by moises dev in C:\Users\moises dev\Documents\gestor\Andres-Carnes-release\moiso)
2024-05-26 16:13:09.146  INFO 19448 --- [restartedMain] mvc.moiso.MoisoApplication               : No active profile set, falling back to 1 default profile: "default"
2024-05-26 16:13:09.228  INFO 19448 --- [restartedMain] .e.DevToolsPropertyDefaultsPostProcessor : Devtools property defaults active! Set 'spring.devtools.add-properties' to 'false' to disable
2024-05-26 16:13:09.229  INFO 19448 --- [restartedMain] .e.DevToolsPropertyDefaultsPostProcessor : For additional web related logging consider setting the 'logging.level.web' property to 'DEBUG'
2024-05-26 16:13:10.069  INFO 19448 --- [restartedMain] .s.d.r.c.RepositoryConfigurationDelegate : Multiple Spring Data modules found, entering strict repository configuration mode
2024-05-26 16:13:10.070  INFO 19448 --- [restartedMain] .s.d.r.c.RepositoryConfigurationDelegate : Bootstrapping Spring Data JDBC repositories in DEFAULT mode.
2024-05-26 16:13:10.106  INFO 19448 --- [restartedMain] .RepositoryConfigurationExtensionSupport : Spring Data JDBC - Could not safely identify store assignment for repository candidate interface mvc.moiso.repository.EmpleadoRepository; If you want this repository to be a JDBC repository, consider annotating your entities with one of these annotations: org.springframework.data.relational.core.mapping.Table.
2024-05-26 16:13:10.109  INFO 19448 --- [restartedMain] .RepositoryConfigurationExtensionSupport : Spring Data JDBC - Could not safely identify store assignment for repository candidate interface mvc.moiso.repository.EmpresaRepository; If you want this repository to be a JDBC repository, consider annotating your entities with one of these annotations: org.springframework.data.relational.core.mapping.Table.
2024-05-26 16:13:10.110  INFO 19448 --- [restartedMain] .RepositoryConfigurationExtensionSupport : Spring Data JDBC - Could not safely identify store assignment for repository candidate interface mvc.moiso.repository.MovimientosRepository; If you want this repository to be a JDBC repository, consider annotating your entities with one of these annotations: org.springframework.data.relational.core.mapping.Table.
2024-05-26 16:13:10.111  INFO 19448 --- [restartedMain] .s.d.r.c.RepositoryConfigurationDelegate : Finished Spring Data repository scanning in 33 ms. Found 0 JDBC repository interfaces.
2024-05-26 16:13:10.119  INFO 19448 --- [restartedMain] .s.d.r.c.RepositoryConfigurationDelegate : Multiple Spring Data modules found, entering strict repository configuration mode
2024-05-26 16:13:10.120  INFO 19448 --- [restartedMain] .s.d.r.c.RepositoryConfigurationDelegate : Bootstrapping Spring Data JPA repositories in DEFAULT mode.
2024-05-26 16:13:10.146  INFO 19448 --- [restartedMain] .s.d.r.c.RepositoryConfigurationDelegate : Finished Spring Data repository scanning in 22 ms. Found 3 JPA repository interfaces.
2024-05-26 16:13:10.432  INFO 19448 --- [restartedMain] trationDelegate$BeanPostProcessorChecker : Bean 'org.springframework.ws.config.annotation.DelegatingWsConfiguration' of type [org.springframework.ws.config.annotation.DelegatingWsConfiguration$$EnhancerBySpringCGLIB$$c0f7b633] is not eligible for getting processed by all BeanPostProcessors (for example: not eligible for auto-proxying)
2024-05-26 16:13:10.470  INFO 19448 --- [restartedMain] .w.s.a.s.AnnotationActionEndpointMapping : Supporting [WS-Addressing August 2004, WS-Addressing 1.0]
2024-05-26 16:13:10.916  INFO 19448 --- [restartedMain] o.s.b.w.embedded.tomcat.TomcatWebServer  : Tomcat initialized with port(s): 8080 (http)
2024-05-26 16:13:10.928  INFO 19448 --- [restartedMain] o.apache.catalina.core.StandardService   : Starting service [Tomcat]
2024-05-26 16:13:10.928  INFO 19448 --- [restartedMain] org.apache.catalina.core.StandardEngine  : Starting Servlet engine: [Apache Tomcat/9.0.65]
2024-05-26 16:13:11.024  INFO 19448 --- [restartedMain] o.a.c.c.C.[Tomcat].[localhost].[/]       : Initializing Spring embedded WebApplicationContext
2024-05-26 16:13:11.025  INFO 19448 --- [restartedMain] w.s.c.ServletWebServerApplicationContext : Root WebApplicationContext: initialization completed in 1796 ms
2024-05-26 16:13:11.321  INFO 19448 --- [restartedMain] o.hibernate.jpa.internal.util.LogHelper  : HHH000204: Processing PersistenceUnitInfo [name: default]
2024-05-26 16:13:11.364  INFO 19448 --- [restartedMain] org.hibernate.Version                    : HHH000412: Hibernate ORM core version 5.6.10.Final
2024-05-26 16:13:11.480  INFO 19448 --- [restartedMain] o.hibernate.annotations.common.Version   : HCANN000001: Hibernate Commons Annotations {5.1.2.Final}
2024-05-26 16:13:11.577  INFO 19448 --- [restartedMain] com.zaxxer.hikari.HikariDataSource       : HikariPool-1 - Starting...
2024-05-26 16:13:13.528  INFO 19448 --- [restartedMain] com.zaxxer.hikari.HikariDataSource       : HikariPool-1 - Start completed.
2024-05-26 16:13:13.540  INFO 19448 --- [restartedMain] org.hibernate.dialect.Dialect            : HHH000400: Using dialect: org.hibernate.dialect.PostgreSQLDialect
2024-05-26 16:13:15.662  INFO 19448 --- [restartedMain] o.h.e.t.j.p.i.JtaPlatformInitiator       : HHH000490: Using JtaPlatform implementation: [org.hibernate.engine.transaction.jta.platform.internal.NoJtaPlatform]
2024-05-26 16:13:15.678  INFO 19448 --- [restartedMain] j.LocalContainerEntityManagerFactoryBean : Initialized JPA EntityManagerFactory for persistence unit 'default'
2024-05-26 16:13:16.042  WARN 19448 --- [restartedMain] JpaBaseConfiguration$JpaWebConfiguration : spring.jpa.open-in-view is enabled by default. Therefore, database queries may be performed during view rendering. Explicitly configure spring.jpa.open-in-view to disable this warning
2024-05-26 16:13:16.389  INFO 19448 --- [restartedMain] o.s.s.web.DefaultSecurityFilterChain     : Will secure any request with [org.springframework.security.web.session.DisableEncodeUrlFilter@4cac7d97, org.springframework.security.web.context.request.async.WebAsyncManagerIntegrationFilter@43974b48, org.springframework.security.web.context.SecurityContextPersistenceFilter@3a401a95, org.springframework.security.web.header.HeaderWriterFilter@4ab9cc29, org.springframework.security.web.csrf.CsrfFilter@53a412bc, org.springframework.security.web.authentication.logout.LogoutFilter@29d9ab4b, org.springframework.security.web.authentication.UsernamePasswordAuthenticationFilter@5a76ccee, org.springframework.security.web.authentication.ui.DefaultLoginPageGeneratingFilter@3c2e1cce, org.springframework.security.web.authentication.ui.DefaultLogoutPageGeneratingFilter@12c74bf, org.springframework.security.web.savedrequest.RequestCacheAwareFilter@34ab664a, org.springframework.security.web.servletapi.SecurityContextHolderAwareRequestFilter@2d4a4091, org.springframework.security.web.authentication.AnonymousAuthenticationFilter@2f75afe9, org.springframework.security.web.session.SessionManagementFilter@2a3cc905, org.springframework.security.web.access.ExceptionTranslationFilter@37c23fa8, org.springframework.security.web.access.intercept.FilterSecurityInterceptor@33b79453]
2024-05-26 16:13:16.710  INFO 19448 --- [restartedMain] o.s.b.a.w.s.WelcomePageHandlerMapping    : Adding welcome page template: index
2024-05-26 16:13:17.321  INFO 19448 --- [restartedMain] o.s.b.d.a.OptionalLiveReloadServer       : LiveReload server is running on port 35729
2024-05-26 16:13:17.383  INFO 19448 --- [restartedMain] o.s.b.w.embedded.tomcat.TomcatWebServer  : Tomcat started on port(s): 8080 (http) with context path ''
2024-05-26 16:13:17.414  INFO 19448 --- [restartedMain] mvc.moiso.MoisoApplication               : Started MoisoApplication in 8.777 seconds (JVM running for 9.354)
2024-05-26 16:13:27.894  INFO 19448 --- [http-nio-8080-exec-1] o.a.c.c.C.[Tomcat].[localhost].[/]       : Initializing Spring DispatcherServlet 'dispatcherServlet'
2024-05-26 16:13:27.894  INFO 19448 --- [http-nio-8080-exec-1] o.s.web.servlet.DispatcherServlet        : Initializing Servlet 'dispatcherServlet'
2024-05-26 16:13:27.895  INFO 19448 --- [http-nio-8080-exec-1] o.s.web.servlet.DispatcherServlet        : Completed initialization in 1 ms
2024-05-26 16:16:36.279  INFO 19448 --- [SpringApplicationShutdownHook] j.LocalContainerEntityManagerFactoryBean : Closing JPA EntityManagerFactory for persistence unit 'default'
2024-05-26 16:16:36.284  INFO 19448 --- [SpringApplicationShutdownHook] com.zaxxer.hikari.HikariDataSource       : HikariPool-1 - Shutdown initiated...
2024-05-26 16:16:36.292  INFO 19448 --- [SpringApplicationShutdownHook] com.zaxxer.hikari.HikariDataSource       : HikariPool-1 - Shutdown completed.
2024-05-26 16:16:38.181  INFO 280 --- [restartedMain] mvc.moiso.MoisoApplication               : Starting MoisoApplication using Java 18.0.2.1 on Moiso with PID 280 (C:\Users\moises dev\Documents\gestor\Andres-Carnes-release\moiso\target\classes started by moises dev in C:\Users\moises dev\Documents\gestor\Andres-Carnes-release\moiso)
2024-05-26 16:16:38.184  INFO 280 --- [restartedMain] mvc.moiso.MoisoApplication               : No active profile set, falling back to 1 default profile: "default"
2024-05-26 16:16:38.265  INFO 280 --- [restartedMain] .e.DevToolsPropertyDefaultsPostProcessor : Devtools property defaults active! Set 'spring.devtools.add-properties' to 'false' to disable
2024-05-26 16:16:38.265  INFO 280 --- [restartedMain] .e.DevToolsPropertyDefaultsPostProcessor : For additional web related logging consider setting the 'logging.level.web' property to 'DEBUG'
2024-05-26 16:16:38.936  INFO 280 --- [restartedMain] .s.d.r.c.RepositoryConfigurationDelegate : Multiple Spring Data modules found, entering strict repository configuration mode
2024-05-26 16:16:38.937  INFO 280 --- [restartedMain] .s.d.r.c.RepositoryConfigurationDelegate : Bootstrapping Spring Data JDBC repositories in DEFAULT mode.
2024-05-26 16:16:38.965  INFO 280 --- [restartedMain] .RepositoryConfigurationExtensionSupport : Spring Data JDBC - Could not safely identify store assignment for repository candidate interface mvc.moiso.repository.EmpleadoRepository; If you want this repository to be a JDBC repository, consider annotating your entities with one of these annotations: org.springframework.data.relational.core.mapping.Table.
2024-05-26 16:16:38.968  INFO 280 --- [restartedMain] .RepositoryConfigurationExtensionSupport : Spring Data JDBC - Could not safely identify store assignment for repository candidate interface mvc.moiso.repository.EmpresaRepository; If you want this repository to be a JDBC repository, consider annotating your entities with one of these annotations: org.springframework.data.relational.core.mapping.Table.
2024-05-26 16:16:38.969  INFO 280 --- [restartedMain] .RepositoryConfigurationExtensionSupport : Spring Data JDBC - Could not safely identify store assignment for repository candidate interface mvc.moiso.repository.MovimientosRepository; If you want this repository to be a JDBC repository, consider annotating your entities with one of these annotations: org.springframework.data.relational.core.mapping.Table.
2024-05-26 16:16:38.970  INFO 280 --- [restartedMain] .s.d.r.c.RepositoryConfigurationDelegate : Finished Spring Data repository scanning in 29 ms. Found 0 JDBC repository interfaces.
2024-05-26 16:16:38.981  INFO 280 --- [restartedMain] .s.d.r.c.RepositoryConfigurationDelegate : Multiple Spring Data modules found, entering strict repository configuration mode
2024-05-26 16:16:38.982  INFO 280 --- [restartedMain] .s.d.r.c.RepositoryConfigurationDelegate : Bootstrapping Spring Data JPA repositories in DEFAULT mode.
2024-05-26 16:16:39.010  INFO 280 --- [restartedMain] .s.d.r.c.RepositoryConfigurationDelegate : Finished Spring Data repository scanning in 23 ms. Found 3 JPA repository interfaces.
2024-05-26 16:16:39.291  INFO 280 --- [restartedMain] trationDelegate$BeanPostProcessorChecker : Bean 'org.springframework.ws.config.annotation.DelegatingWsConfiguration' of type [org.springframework.ws.config.annotation.DelegatingWsConfiguration$$EnhancerBySpringCGLIB$$c0f7b633] is not eligible for getting processed by all BeanPostProcessors (for example: not eligible for auto-proxying)
2024-05-26 16:16:39.322  INFO 280 --- [restartedMain] .w.s.a.s.AnnotationActionEndpointMapping : Supporting [WS-Addressing August 2004, WS-Addressing 1.0]
2024-05-26 16:16:39.708  INFO 280 --- [restartedMain] o.s.b.w.embedded.tomcat.TomcatWebServer  : Tomcat initialized with port(s): 8080 (http)
2024-05-26 16:16:39.722  INFO 280 --- [restartedMain] o.apache.catalina.core.StandardService   : Starting service [Tomcat]
2024-05-26 16:16:39.723  INFO 280 --- [restartedMain] org.apache.catalina.core.StandardEngine  : Starting Servlet engine: [Apache Tomcat/9.0.65]
2024-05-26 16:16:39.813  INFO 280 --- [restartedMain] o.a.c.c.C.[Tomcat].[localhost].[/]       : Initializing Spring embedded WebApplicationContext
2024-05-26 16:16:39.813  INFO 280 --- [restartedMain] w.s.c.ServletWebServerApplicationContext : Root WebApplicationContext: initialization completed in 1547 ms
2024-05-26 16:16:40.068  INFO 280 --- [restartedMain] o.hibernate.jpa.internal.util.LogHelper  : HHH000204: Processing PersistenceUnitInfo [name: default]
2024-05-26 16:16:40.113  INFO 280 --- [restartedMain] org.hibernate.Version                    : HHH000412: Hibernate ORM core version 5.6.10.Final
2024-05-26 16:16:40.258  INFO 280 --- [restartedMain] o.hibernate.annotations.common.Version   : HCANN000001: Hibernate Commons Annotations {5.1.2.Final}
2024-05-26 16:16:40.358  INFO 280 --- [restartedMain] com.zaxxer.hikari.HikariDataSource       : HikariPool-1 - Starting...
2024-05-26 16:16:42.426  INFO 280 --- [restartedMain] com.zaxxer.hikari.HikariDataSource       : HikariPool-1 - Start completed.
2024-05-26 16:16:42.436  INFO 280 --- [restartedMain] org.hibernate.dialect.Dialect            : HHH000400: Using dialect: org.hibernate.dialect.PostgreSQLDialect
2024-05-26 16:16:44.630  INFO 280 --- [restartedMain] o.h.e.t.j.p.i.JtaPlatformInitiator       : HHH000490: Using JtaPlatform implementation: [org.hibernate.engine.transaction.jta.platform.internal.NoJtaPlatform]
2024-05-26 16:16:44.638  INFO 280 --- [restartedMain] j.LocalContainerEntityManagerFactoryBean : Initialized JPA EntityManagerFactory for persistence unit 'default'
2024-05-26 16:16:44.999  WARN 280 --- [restartedMain] JpaBaseConfiguration$JpaWebConfiguration : spring.jpa.open-in-view is enabled by default. Therefore, database queries may be performed during view rendering. Explicitly configure spring.jpa.open-in-view to disable this warning
2024-05-26 16:16:45.175  INFO 280 --- [restartedMain] o.s.s.web.DefaultSecurityFilterChain     : Will secure any request with [org.springframework.security.web.session.DisableEncodeUrlFilter@7f2e0341, org.springframework.security.web.context.request.async.WebAsyncManagerIntegrationFilter@3acf16cb, org.springframework.security.web.context.SecurityContextPersistenceFilter@2a3cc905, org.springframework.security.web.header.HeaderWriterFilter@5d236f2f, org.springframework.security.web.csrf.CsrfFilter@5a39bd14, org.springframework.security.web.authentication.logout.LogoutFilter@650d9e4, org.springframework.security.web.authentication.UsernamePasswordAuthenticationFilter@1eb77958, org.springframework.security.web.authentication.ui.DefaultLoginPageGeneratingFilter@189c8061, org.springframework.security.web.authentication.ui.DefaultLogoutPageGeneratingFilter@2051c4cf, org.springframework.security.web.savedrequest.RequestCacheAwareFilter@1a87c62b, org.springframework.security.web.servletapi.SecurityContextHolderAwareRequestFilter@2a177c5a, org.springframework.security.web.authentication.AnonymousAuthenticationFilter@4cac7d97, org.springframework.security.web.session.SessionManagementFilter@e275e99, org.springframework.security.web.access.ExceptionTranslationFilter@407bb62, org.springframework.security.web.access.intercept.FilterSecurityInterceptor@1f336655]
2024-05-26 16:16:45.339  INFO 280 --- [restartedMain] o.s.b.a.w.s.WelcomePageHandlerMapping    : Adding welcome page template: index
2024-05-26 16:16:45.735  INFO 280 --- [restartedMain] o.s.b.d.a.OptionalLiveReloadServer       : LiveReload server is running on port 35729
2024-05-26 16:16:45.794  INFO 280 --- [restartedMain] o.s.b.w.embedded.tomcat.TomcatWebServer  : Tomcat started on port(s): 8080 (http) with context path ''
2024-05-26 16:16:45.806  INFO 280 --- [restartedMain] mvc.moiso.MoisoApplication               : Started MoisoApplication in 8.029 seconds (JVM running for 8.626)
2024-05-26 16:16:49.932  INFO 280 --- [http-nio-8080-exec-1] o.a.c.c.C.[Tomcat].[localhost].[/]       : Initializing Spring DispatcherServlet 'dispatcherServlet'
2024-05-26 16:16:49.933  INFO 280 --- [http-nio-8080-exec-1] o.s.web.servlet.DispatcherServlet        : Initializing Servlet 'dispatcherServlet'
2024-05-26 16:16:49.935  INFO 280 --- [http-nio-8080-exec-1] o.s.web.servlet.DispatcherServlet        : Completed initialization in 2 ms
